CLONE3|8933|8884|850422150118
FILE_CREATE|1000|3406|0|0|/dev/shm/.org.chromium.Chromium.rBQT5y|Chrome_IOThread
EXEC|execve|850533823396|8934|3509|1000|code|/bin/sh -c which ps
CLONE|8934|3509|850533552411
EXEC|execve|850538467316|8935|8934|1000|sh|which ps
EXEC|execve|850545109284|8936|3509|1000|code|/bin/sh -c /usr/bin/ps -ax -o pid=,ppid=,pcpu=,pmem=,command=
EXEC|execve|850548270640|8937|8936|1000|sh|/usr/bin/ps -ax -o pid=,ppid=,pcpu=,pmem=,command=
EXEC|execve|850576293530|8938|3509|1000|code|/bin/sh -c "/usr/share/code/resources/app/out/vs/base/node/cpuUsage.sh" 3607 4940 7773 8086 8882 4941 7774 8087 8883 4942 7775 8088
EXEC|execve|850578518030|8939|8938|1000|sh|/usr/share/code/resources/app/out/vs/base/node/cpuUsage.sh 3607 4940 7773 8086 8882 4941 7774 8087 8883 4942 7775 8088
EXEC|execve|850580045584|8940|8939|1000|cpuUsage.sh|sed -n s/^cpu\s//p /proc/stat
EXEC|execve|850581756618|8941|8939|1000|cpuUsage.sh|cat /proc/3607/stat
EXEC|execve|850582846136|8942|8939|1000|cpuUsage.sh|cat /proc/4940/stat
EXEC|execve|850583944497|8943|8939|1000|cpuUsage.sh|cat /proc/7773/stat
EXEC|execve|850585363229|8944|8939|1000|cpuUsage.sh|cat /proc/8086/stat
EXEC|execve|850586624216|8945|8939|1000|cpuUsage.sh|cat /proc/8882/stat
EXEC|execve|850587739483|8946|8939|1000|cpuUsage.sh|cat /proc/4941/stat
EXEC|execve|850589106816|8947|8939|1000|cpuUsage.sh|cat /proc/7774/stat
EXEC|execve|850590324801|8948|8939|1000|cpuUsage.sh|cat /proc/8087/stat
EXEC|execve|850591617079|8949|8939|1000|cpuUsage.sh|cat /proc/8883/stat
EXEC|execve|850592936950|8950|8939|1000|cpuUsage.sh|cat /proc/4942/stat
EXEC|execve|850594047959|8951|8939|1000|cpuUsage.sh|cat /proc/7775/stat
EXEC|execve|850595187393|8952|8939|1000|cpuUsage.sh|cat /proc/8088/stat
EXEC|execve|850596237124|8953|8939|1000|cpuUsage.sh|sleep 1
FILE_CREATE|1000|3406|0|0|/dev/shm/.org.chromium.Chromium.kfqNBC|Chrome_IOThread
FILE_CREATE|1000|3406|0|0|/dev/shm/.org.chromium.Chromium.gSCHty|Chrome_IOThread
FILE_CREATE|1000|3406|0|0|/dev/shm/.org.chromium.Chromium.Z18Q0n|Chrome_IOThread
FILE_CREATE|1000|3406|0|0|/dev/shm/.org.chromium.Chromium.DEhRdH|Chrome_IOThread
FILE_CREATE|1000|3406|0|0|/dev/shm/.org.chromium.Chromium.KEmg3l|Chrome_IOThread
FILE_CREATE|1000|3406|0|0|/dev/shm/.org.chromium.Chromium.bbtt0o|Chrome_IOThread
FILE_CREATE|1000|3406|0|0|/dev/shm/.org.chromium.Chromium.x1tCJA|Chrome_IOThread
FILE_CREATE|1000|3406|0|0|/dev/shm/.org.chromium.Chromium.aVPmTg|Chrome_IOThread
FILE_CREATE|1000|3406|0|0|/dev/shm/.org.chromium.Chromium.gvLpdv|Chrome_IOThread
FILE_CREATE|1000|3406|0|0|/dev/shm/.org.chromium.Chromium.Auhj8L|Chrome_IOThread
FILE_CREATE|1000|3406|0|0|/dev/shm/.org.chromium.Chromium.VHmVtQ|Chrome_IOThread
FILE_CREATE|1000|3406|0|0|/dev/shm/.org.chromium.Chromium.X3Rogr|Chrome_IOThread
FILE_CREATE|1000|3406|0|0|/dev/shm/.org.chromium.Chromium.sKfWrh|Chrome_IOThread
FILE_CREATE|1000|3406|0|0|/dev/shm/.org.chromium.Chromium.pouzOd|Chrome_IOThread
FILE_CREATE|1000|3406|0|0|/dev/shm/.org.chromium.Chromium.RyLh28|Chrome_IOThread
FILE_CREATE|1000|3406|0|0|/dev/shm/.org.chromium.Chromium.yPIy49|Chrome_IOThread
FILE_CREATE|1000|3406|0|0|/dev/shm/.org.chromium.Chromium.okLBKg|Chrome_IOThread
FILE_CREATE|1000|3406|0|0|/dev/shm/.org.chromium.Chromium.Jma1y6|Chrome_IOThread
FILE_CREATE|1000|3406|0|0|/dev/shm/.org.chromium.Chromium.iYzQKB|Chrome_IOThread
FILE_CREATE|1000|3406|0|0|/dev/shm/.org.chromium.Chromium.eaN1TZ|Chrome_IOThread
FILE_CREATE|1000|3406|0|0|/dev/shm/.org.chromium.Chromium.j5nMkE|Chrome_IOThread
FILE_CREATE|1000|3406|0|0|/dev/shm/.org.chromium.Chromium.TU5DL3|Chrome_IOThread
FILE_CREATE|1000|3406|0|0|/dev/shm/.org.chromium.Chromium.PsRnsJ|Chrome_IOThread
FILE_CREATE|1000|3406|0|0|/dev/shm/.org.chromium.Chromium.XM50W2|Chrome_IOThread
FILE_CREATE|1000|3406|0|0|/dev/shm/.org.chromium.Chromium.HK5M9f|Chrome_IOThread
FILE_CREATE|1000|3406|0|0|/dev/shm/.org.chromium.Chromium.B3wHOZ|Chrome_IOThread
FILE_CREATE|1000|3406|0|0|/dev/shm/.org.chromium.Chromium.m5KmgD|Chrome_IOThread
FILE_CREATE|1000|3406|0|0|/dev/shm/.org.chromium.Chromium.cb0Uk0|Chrome_IOThread
FILE_CREATE|1000|3406|0|0|/dev/shm/.org.chromium.Chromium.w3SXi0|Chrome_IOThread
FILE_CREATE|1000|3406|0|0|/dev/shm/.org.chromium.Chromium.VaSCLC|Chrome_IOThread
FILE_CREATE|1000|3406|0|0|/dev/shm/.org.chromium.Chromium.TrvVGO|Chrome_IOThread
FILE_CREATE|1000|3406|0|0|/dev/shm/.org.chromium.Chromium.1pqmCS|Chrome_IOThread
FILE_CREATE|1000|3406|0|0|/dev/shm/.org.chromium.Chromium.MtE4s2|Chrome_IOThread
FILE_CREATE|1000|3406|0|0|/dev/shm/.org.chromium.Chromium.4iPhw1|Chrome_IOThread
FILE_CREATE|1000|3406|0|0|/dev/shm/.org.chromium.Chromium.kUzW6r|Chrome_IOThread
FILE_CREATE|1000|3406|0|0|/dev/shm/.org.chromium.Chromium.r7R8qh|Chrome_IOThread
FILE_CREATE|1000|3406|0|0|/dev/shm/.org.chromium.Chromium.AWYtpL|Chrome_IOThread
FILE_CREATE|1000|3406|0|0|/dev/shm/.org.chromium.Chromium.vcPwdW|Chrome_IOThread
FILE_CREATE|1000|3406|0|0|/dev/shm/.org.chromium.Chromium.6pMmnb|Chrome_IOThread
FILE_CREATE|1000|3406|0|0|/dev/shm/.org.chromium.Chromium.msQOaM|Chrome_IOThread
EXEC|execve|851598237537|8954|8939|1000|cpuUsage.sh|sed -n s/^cpu\s//p /proc/stat
CLONE|8954|8939|851597887313
EXEC|execve|851604821252|8955|8939|1000|cpuUsage.sh|cat /proc/3607/stat
EXEC|execve|851610665754|8957|8939|1000|cpuUsage.sh|cat /proc/4940/stat
EXEC|execve|851616387577|8959|8939|1000|cpuUsage.sh|cat /proc/7773/stat
EXEC|execve|851619948082|8961|8939|1000|cpuUsage.sh|cat /proc/8086/stat
EXEC|execve|851626649794|8963|8939|1000|cpuUsage.sh|cat /proc/8882/stat
EXEC|execve|851633129178|8965|8939|1000|cpuUsage.sh|cat /proc/4941/stat
EXEC|execve|851641050819|8967|8939|1000|cpuUsage.sh|cat /proc/7774/stat
EXEC|execve|851647504387|8969|8939|1000|cpuUsage.sh|cat /proc/8087/stat
EXEC|execve|851654121844|8971|8939|1000|cpuUsage.sh|cat /proc/8883/stat
EXEC|execve|851659588922|8973|8939|1000|cpuUsage.sh|cat /proc/4942/stat
EXEC|execve|851662897402|8975|8939|1000|cpuUsage.sh|cat /proc/7775/stat
EXEC|execve|851666356872|8977|8939|1000|cpuUsage.sh|cat /proc/8088/stat
FILE_CREATE|1000|3406|0|0|/dev/shm/.org.chromium.Chromium.Y1jp8f|Chrome_IOThread
EXEC|execve|852073206894|8979|931|0|installer|/opt/datadog-agent/embedded/bin/installer get-states
FILE_CREATE|0|8979|0|0|/opt/datadog-packages/packages.db|installer
CLONE|8986|8979|852331672161
EXEC|execve|852653102451|8987|931|0|installer|/opt/datadog-agent/embedded/bin/installer get-states
FILE_CREATE|0|8987|0|0|/opt/datadog-packages/packages.db|installer
FILE_CREATE|1000|3460|0|0|/dev/shm/.org.chromium.Chromium.DhAQS0|Chrome_ChildIOT
CLONE|8996|5194|854422935935
EXEC|execve|854423828203|8996|5194|1000|bash|nano test_prov.sh
FILE_CREATE|1000|8996|0|0|./.test_prov.sh.swp|nano
FILE_CREATE|1000|3460|0|0|/dev/shm/.org.chromium.Chromium.HbM1hc|Chrome_ChildIOT
EXEC|execve|855538499235|8997|3509|1000|code|/bin/sh -c which ps
CLONE|8997|3509|855537973902
EXEC|execve|855545176862|8998|8997|1000|sh|which ps
EXEC|execve|855552457983|8999|3509|1000|code|/bin/sh -c /usr/bin/ps -ax -o pid=,ppid=,pcpu=,pmem=,command=
EXEC|execve|855560307529|9000|8999|1000|sh|/usr/bin/ps -ax -o pid=,ppid=,pcpu=,pmem=,command=
EXEC|execve|855592469765|9001|3509|1000|code|/bin/sh -c "/usr/share/code/resources/app/out/vs/base/node/cpuUsage.sh" 3607 4940 7773 8086 8882 4941 7774 8087 8883 4942 7775 8088 8884
EXEC|execve|855595536529|9002|9001|1000|sh|/usr/share/code/resources/app/out/vs/base/node/cpuUsage.sh 3607 4940 7773 8086 8882 4941 7774 8087 8883 4942 7775 8088 8884
EXEC|execve|855597489469|9003|9002|1000|cpuUsage.sh|sed -n s/^cpu\s//p /proc/stat
EXEC|execve|855599596816|9004|9002|1000|cpuUsage.sh|cat /proc/3607/stat
EXEC|execve|855601638972|9005|9002|1000|cpuUsage.sh|cat /proc/4940/stat
EXEC|execve|855604739644|9006|9002|1000|cpuUsage.sh|cat /proc/7773/stat
EXEC|execve|855606409306|9007|9002|1000|cpuUsage.sh|cat /proc/8086/stat
EXEC|execve|855607980250|9008|9002|1000|cpuUsage.sh|cat /proc/8882/stat
EXEC|execve|855609272458|9009|9002|1000|cpuUsage.sh|cat /proc/4941/stat
EXEC|execve|855610746276|9010|9002|1000|cpuUsage.sh|cat /proc/7774/stat
EXEC|execve|855612120322|9011|9002|1000|cpuUsage.sh|cat /proc/8087/stat
EXEC|execve|855615320823|9012|9002|1000|cpuUsage.sh|cat /proc/8883/stat
EXEC|execve|855616958255|9013|9002|1000|cpuUsage.sh|cat /proc/4942/stat
EXEC|execve|855618418427|9014|9002|1000|cpuUsage.sh|cat /proc/7775/stat
EXEC|execve|855619818592|9015|9002|1000|cpuUsage.sh|cat /proc/8088/stat
EXEC|execve|855621129627|9016|9002|1000|cpuUsage.sh|cat /proc/8884/stat
EXEC|execve|855623376341|9017|9002|1000|cpuUsage.sh|sleep 1
CLONE|9018|9002|856624768814
EXEC|execve|856625768128|9018|9002|1000|cpuUsage.sh|sed -n s/^cpu\s//p /proc/stat
EXEC|execve|856628752453|9019|9002|1000|cpuUsage.sh|cat /proc/3607/stat
EXEC|execve|856631031170|9021|9002|1000|cpuUsage.sh|cat /proc/4940/stat
EXEC|execve|856640566180|9023|9002|1000|cpuUsage.sh|cat /proc/7773/stat
EXEC|execve|856644248977|9025|9002|1000|cpuUsage.sh|cat /proc/8086/stat
EXEC|execve|856646554987|9027|9002|1000|cpuUsage.sh|cat /proc/8882/stat
EXEC|execve|856649347664|9029|9002|1000|cpuUsage.sh|cat /proc/4941/stat
EXEC|execve|856656162236|9031|9002|1000|cpuUsage.sh|cat /proc/7774/stat
EXEC|execve|856659954047|9033|9002|1000|cpuUsage.sh|cat /proc/8087/stat
EXEC|execve|856662433089|9035|9002|1000|cpuUsage.sh|cat /proc/8883/stat
EXEC|execve|856664598819|9037|9002|1000|cpuUsage.sh|cat /proc/4942/stat
EXEC|execve|856667006013|9039|9002|1000|cpuUsage.sh|cat /proc/7775/stat
EXEC|execve|856679450368|9041|9002|1000|cpuUsage.sh|cat /proc/8088/stat
EXEC|execve|856682563933|9043|9002|1000|cpuUsage.sh|cat /proc/8884/stat
CLONE|9046|9045|856861799664
EXEC|execve|856864029169|9046|9045|0|cron|/bin/sh -c command -v debian-sa1 > /dev/null && debian-sa1 1 1
EXEC|execve|856865213065|9047|9046|0|sh|debian-sa1 1 1
FILE_CREATE|0|9046|0|0|/dev/null|sh
FILE_CREATE|1000|3460|0|0|/dev/shm/.org.chromium.Chromium.xFxtFM|Chrome_ChildIOT
FILE_CREATE|1000|8996|0|0|./.test_prov.sh.swp|nano
FILE_CREATE|1000|3044|0|0|/home/ubuntu/.cache/tracker3/files/meta.db-wal|tracker-miner-f
FILE_CREATE|1000|3044|0|0|/home/ubuntu/.cache/tracker3/files/http%3A%2F%2Ftracker.api.gnome.org%2Fontology%2Fv3%2Ftracker%23Documents.db-wal|tracker-miner-f
FILE_CREATE|1000|3044|0|0|/home/ubuntu/.cache/tracker3/files/http%3A%2F%2Ftracker.api.gnome.org%2Fontology%2Fv3%2Ftracker%23Software.db-wal|tracker-miner-f
FILE_CREATE|1000|3044|0|0|/home/ubuntu/.cache/tracker3/files/http%3A%2F%2Ftracker.api.gnome.org%2Fontology%2Fv3%2Ftracker%23Pictures.db-wal|tracker-miner-f
FILE_CREATE|1000|3044|0|0|/home/ubuntu/.cache/tracker3/files/http%3A%2F%2Ftracker.api.gnome.org%2Fontology%2Fv3%2Ftracker%23Audio.db-wal|tracker-miner-f
FILE_CREATE|1000|3044|0|0|/home/ubuntu/.cache/tracker3/files/http%3A%2F%2Ftracker.api.gnome.org%2Fontology%2Fv3%2Ftracker%23FileSystem.db-wal|tracker-miner-f
FILE_CREATE|1000|3044|0|0|/home/ubuntu/.cache/tracker3/files/http%3A%2F%2Ftracker.api.gnome.org%2Fontology%2Fv3%2Ftracker%23Video.db-wal|tracker-miner-f
EXEC|execve|860685547421|9049|928|999|agent|blkid
FILE_CREATE|1000|3460|0|0|/dev/shm/.org.chromium.Chromium.LY0vB1|Chrome_ChildIOT
FILE_CREATE|1000|3460|0|0|/dev/shm/.org.chromium.Chromium.lYuxGH|Chrome_ChildIOT
FILE_CREATE|1000|8996|0|0|test_prov.sh|nano
CLONE3|9120|3044|864409913854
FILE_CREATE|1000|3044|0|0|/home/ubuntu/.cache/tracker3/files/last-crawl.txt.SPX9J3|tracker-miner-f
FILE_CREATE|1000|3044|0|0|/home/ubuntu/.cache/tracker3/files/last-crawl.txt.GBW9J3|tracker-miner-f
FILE_CREATE|1000|2392|0|0|/sys/fs/cgroup/user.slice/user-1000.slice/user@1000.service/background.slice/tracker-extract-3.service/cgroup.subtree_control|systemd
CLONE|9121|2392|864415199725
EXEC|execve|864420466207|9121|2392|1000|(xtract-3)|/usr/libexec/tracker-extract-3
FILE_CREATE|1000|3460|0|0|/dev/shm/.org.chromium.Chromium.0AgON4|Chrome_ChildIOT
CLONE3|9126|1024|867133421967
FILE_CREATE|1000|3460|0|0|/dev/shm/.org.chromium.Chromium.KIoJlE|Chrome_ChildIOT
FILE_CREATE|1000|5194|0|0|/dev/null|bash
FILE_CREATE|1000|5194|0|0|/dev/null|bash
FILE_CREATE|1000|5194|0|0|/dev/null|bash
CLONE|9127|5194|869747470567
CLONE3|9129|2625|869760018728
FILE_CREATE|1000|2625|0|0|/home/ubuntu/.cache/event-sound-cache.tdb.cef2eb6cc724476ba7c4029f1b986fe1.x86_64-pc-linux-gnu|pool-gnome-shel
FILE_CREATE|1000|5194|0|0|/dev/null|bash
FILE_CREATE|1000|5194|0|0|/dev/null|bash
CLONE|9131|5194|870321966401
FILE_CREATE|1000|5194|0|0|/dev/null|bash
FILE_CREATE|1000|5194|0|0|/dev/null|bash
FILE_CREATE|1000|5194|0|0|/dev/null|bash
CLONE|9133|5194|871597428951
FILE_CREATE|1000|5194|0|0|/dev/null|bash
FILE_CREATE|1000|3460|0|0|/dev/shm/.org.chromium.Chromium.7OOvsR|Chrome_ChildIOT
CLONE|9135|5194|872269725095
EXEC|execve|872270382872|9135|5194|1000|bash|chmod +x test_prov.sh
ATTR|1000|9135|0|0|test_prov.sh|chmod
FILE_CREATE|1000|3044|0|0|/home/ubuntu/.cache/tracker3/files/last-crawl.txt.AWH7J3|tracker-miner-f
FILE_CREATE|1000|3044|0|0|/home/ubuntu/.cache/tracker3/files/last-crawl.txt.LH36J3|tracker-miner-f
FILE_CREATE|1000|3460|0|0|/dev/shm/.org.chromium.Chromium.hL7y6m|Chrome_ChildIOT
CLONE3|9136|2429|874963261526
CLONE3|9137|2893|874965726923
EXEC|execve|875685697255|9139|928|999|agent|blkid
FILE_CREATE|1000|3460|0|0|/dev/shm/.org.chromium.Chromium.SBC7aE|Chrome_ChildIOT
FILE_CREATE|1000|3460|0|0|/dev/shm/.org.chromium.Chromium.3aEqD6|Chrome_ChildIOT
EXEC|execve|882072663090|9210|931|0|installer|/opt/datadog-agent/embedded/bin/installer get-states
FILE_CREATE|0|9210|0|0|/opt/datadog-packages/packages.db|installer
CLONE3|9217|1024|882136906627
FILE_CREATE|1000|3460|0|0|/dev/shm/.org.chromium.Chromium.9Ku5qg|Chrome_ChildIOT
EXEC|execve|883187996081|9218|931|0|installer|/opt/datadog-agent/embedded/bin/installer get-states
FILE_CREATE|0|9218|0|0|/opt/datadog-packages/packages.db|installer
CLONE|9225|9218|883439626957
FILE_CREATE|1000|3460|0|0|/dev/shm/.org.chromium.Chromium.oR6un5|Chrome_ChildIOT
CLONE|9227|5194|885279419945
EXEC|execve|885280369834|9227|5194|1000|bash|./test_prov.sh
FILE_CREATE|1000|9227|0|0|prov_test.txt|test_prov.sh
EXEC|execve|885289400343|9228|9227|1000|test_prov.sh|chmod 600 prov_test.txt
ATTR|1000|9228|0|0|prov_test.txt|chmod
FILE_CREATE|1000|9227|0|0|prov_test.txt|test_prov.sh
EXEC|execve|885293398828|9229|9227|1000|test_prov.sh|ls -l prov_test.txt
CLONE3|9230|5091|885307235665
FILE_CREATE|1000|3044|0|0|/home/ubuntu/.cache/tracker3/files/meta.db-wal|pool-tracker-mi
FILE_CREATE|1000|3044|0|0|/home/ubuntu/.cache/tracker3/files/http%3A%2F%2Ftracker.api.gnome.org%2Fontology%2Fv3%2Ftracker%23Documents.db-wal|pool-tracker-mi
FILE_CREATE|1000|3044|0|0|/home/ubuntu/.cache/tracker3/files/last-crawl.txt.B6LBK3|tracker-miner-f
FILE_CREATE|1000|3044|0|0|/home/ubuntu/.cache/tracker3/files/http%3A%2F%2Ftracker.api.gnome.org%2Fontology%2Fv3%2Ftracker%23Software.db-wal|pool-tracker-mi
FILE_CREATE|1000|3044|0|0|/home/ubuntu/.cache/tracker3/files/last-crawl.txt.9UKBK3|tracker-miner-f
CLONE3|9234|3044|885333745808
FILE_CREATE|1000|3044|0|0|/home/ubuntu/.cache/tracker3/files/http%3A%2F%2Ftracker.api.gnome.org%2Fontology%2Fv3%2Ftracker%23Pictures.db-wal|pool-tracker-mi
CLONE|9235|2392|885339537168
FILE_CREATE|1000|2392|0|0|/sys/fs/cgroup/user.slice/user-1000.slice/user@1000.service/background.slice/tracker-extract-3.service/cgroup.subtree_control|systemd
EXEC|execve|885350284857|9235|2392|1000|(xtract-3)|/usr/libexec/tracker-extract-3
FILE_CREATE|1000|3044|0|0|/home/ubuntu/.cache/tracker3/files/http%3A%2F%2Ftracker.api.gnome.org%2Fontology%2Fv3%2Ftracker%23Audio.db-wal|pool-tracker-mi
FILE_CREATE|1000|3044|0|0|/home/ubuntu/.cache/tracker3/files/http%3A%2F%2Ftracker.api.gnome.org%2Fontology%2Fv3%2Ftracker%23FileSystem.db-wal|pool-tracker-mi
FILE_CREATE|1000|3044|0|0|/home/ubuntu/.cache/tracker3/files/http%3A%2F%2Ftracker.api.gnome.org%2Fontology%2Fv3%2Ftracker%23Video.db-wal|pool-tracker-mi
CLONE3|9240|9235|885502736215
FILE_CREATE|1000|3044|0|0|/home/ubuntu/.cache/tracker3/files/meta.db-wal|pool-tracker-mi
FILE_CREATE|1000|3044|0|0|/home/ubuntu/.cache/tracker3/files/http%3A%2F%2Ftracker.api.gnome.org%2Fontology%2Fv3%2Ftracker%23Documents.db-wal|pool-tracker-mi
FILE_CREATE|1000|3044|0|0|/home/ubuntu/.cache/tracker3/files/http%3A%2F%2Ftracker.api.gnome.org%2Fontology%2Fv3%2Ftracker%23Software.db-wal|pool-tracker-mi
FILE_CREATE|1000|3044|0|0|/home/ubuntu/.cache/tracker3/files/http%3A%2F%2Ftracker.api.gnome.org%2Fontology%2Fv3%2Ftracker%23Pictures.db-wal|pool-tracker-mi
FILE_CREATE|1000|3044|0|0|/home/ubuntu/.cache/tracker3/files/http%3A%2F%2Ftracker.api.gnome.org%2Fontology%2Fv3%2Ftracker%23Audio.db-wal|pool-tracker-mi
FILE_CREATE|1000|3044|0|0|/home/ubuntu/.cache/tracker3/files/http%3A%2F%2Ftracker.api.gnome.org%2Fontology%2Fv3%2Ftracker%23FileSystem.db-wal|pool-tracker-mi
FILE_CREATE|1000|3044|0|0|/home/ubuntu/.cache/tracker3/files/http%3A%2F%2Ftracker.api.gnome.org%2Fontology%2Fv3%2Ftracker%23Video.db-wal|pool-tracker-mi
CLONE3|9241|1024|887151170260
FILE_CREATE|1000|3460|0|0|/dev/shm/.org.chromium.Chromium.CiZqpA|Chrome_ChildIOT
FILE_CREATE|1000|3406|0|0|/dev/shm/.org.chromium.Chromium.mWKfo8|Chrome_IOThread
FILE_CREATE|1000|3406|0|0|/dev/shm/.org.chromium.Chromium.pfhqPa|Chrome_IOThread
FILE_CREATE|1000|3406|0|0|/dev/shm/.org.chromium.Chromium.7uf1f6|Chrome_IOThread
FILE_CREATE|1000|3406|0|0|/dev/shm/.org.chromium.Chromium.4X2eLK|Chrome_IOThread
FILE_CREATE|1000|3406|0|0|/dev/shm/.org.chromium.Chromium.OqHuEK|code
FILE_CREATE|1000|3406|0|0|/dev/shm/.org.chromium.Chromium.paT7yb|code
FILE_CREATE|1000|3406|0|0|/dev/shm/.org.chromium.Chromium.XaLnpZ|code
EXEC|execve|890027786937|9242|3521|1000|code|git config --get commit.template
CLONE|9242|3521|890026896135
EXEC|execve|890051045735|9243|3521|1000|code|git for-each-ref --format=%(refname)%00%(upstream:short)%00%(objectname)%00%(upstream:track)%00%(upstream:remotename)%00%(upstream:remoteref) refs/heads/main refs/remotes/main
EXEC|execve|890075788771|9244|3521|1000|code|git status -z -uall
EXEC|execve|890085222286|9245|3521|1000|code|git for-each-ref --sort -committerdate --format %(refname)%00%(objectname)%00%(*objectname)
CLONE3|23358|23300|3459102399074
EXEC|execve|3460189944788|23359|3521|1000|code|git config --get commit.template
CLONE|23359|3521|3460189396488
EXEC|execve|3460205090696|23360|3521|1000|code|git for-each-ref --format=%(refname)%00%(upstream:short)%00%(objectname)%00%(upstream:track)%00%(upstream:remotename)%00%(upstream:remoteref) refs/heads/main refs/remotes/main
EXEC|execve|3460220194176|23361|3521|1000|code|git status -z -uall
EXEC|execve|3460232546876|23362|3521|1000|code|git for-each-ref --sort -committerdate --format %(refname)%00%(objectname)%00%(*objectname)
FILE_CREATE|1000|3406|0|0|/dev/shm/.org.chromium.Chromium.alntzm|Chrome_IOThread
FILE_CREATE|1000|3406|0|0|/dev/shm/.org.chromium.Chromium.QZ70rL|Chrome_IOThread
FILE_CREATE|1000|3406|0|0|/dev/shm/.org.chromium.Chromium.9KOBth|Chrome_IOThread
FILE_CREATE|1000|3406|0|0|/dev/shm/.org.chromium.Chromium.fllVii|Chrome_IOThread
FILE_CREATE|1000|3406|0|0|/dev/shm/.org.chromium.Chromium.avpGiR|Chrome_IOThread
FILE_CREATE|1000|3406|0|0|/dev/shm/.org.chromium.Chromium.ucMifw|Chrome_IOThread
FILE_CREATE|1000|3406|0|0|/dev/shm/.org.chromium.Chromium.PX8waa|Chrome_IOThread
FILE_CREATE|1000|3406|0|0|/dev/shm/.org.chromium.Chromium.ni9a5U|Chrome_IOThread
FILE_CREATE|1000|3406|0|0|/dev/shm/.org.chromium.Chromium.A46jXi|Chrome_IOThread
FILE_CREATE|1000|3406|0|0|/dev/shm/.org.chromium.Chromium.K51Nrl|Chrome_IOThread
FILE_CREATE|1000|3406|0|0|/dev/shm/.org.chromium.Chromium.9HwAuq|Chrome_IOThread
FILE_CREATE|1000|3406|0|0|/dev/shm/.org.chromium.Chromium.xbCJGk|Chrome_IOThread
FILE_CREATE|1000|3406|0|0|/dev/shm/.org.chromium.Chromium.yiX2rq|Chrome_IOThread
FILE_CREATE|1000|3406|0|0|/dev/shm/.org.chromium.Chromium.1iExHb|Chrome_IOThread
FILE_CREATE|1000|3406|0|0|/dev/shm/.org.chromium.Chromium.kNXg0e|Chrome_IOThread
FILE_CREATE|1000|3406|0|0|/dev/shm/.org.chromium.Chromium.ZaSfPt|Chrome_IOThread
FILE_CREATE|1000|3406|0|0|/dev/shm/.org.chromium.Chromium.DH9ced|Chrome_IOThread
FILE_CREATE|1000|3406|0|0|/dev/shm/.org.chromium.Chromium.eLAUmx|Chrome_IOThread
FILE_CREATE|1000|3406|0|0|/dev/shm/.org.chromium.Chromium.IdNMxG|Chrome_IOThread
FILE_CREATE|1000|3406|0|0|/dev/shm/.org.chromium.Chromium.AqNUNN|Chrome_IOThread
FILE_CREATE|1000|3406|0|0|/dev/shm/.org.chromium.Chromium.XHLaQK|Chrome_IOThread
FILE_CREATE|1000|3406|0|0|/dev/shm/.org.chromium.Chromium.gvNeJf|Chrome_IOThread
FILE_CREATE|1000|3406|0|0|/dev/shm/.org.chromium.Chromium.BkEgaP|Chrome_IOThread
FILE_CREATE|1000|3406|0|0|/dev/shm/.org.chromium.Chromium.eM3Trw|Chrome_IOThread
FILE_CREATE|1000|3406|0|0|/dev/shm/.org.chromium.Chromium.V72SRQ|Chrome_IOThread
FILE_CREATE|1000|3406|0|0|/dev/shm/.org.chromium.Chromium.MTqWgk|Chrome_IOThread
FILE_CREATE|1000|3406|0|0|/dev/shm/.org.chromium.Chromium.QFEy3D|Chrome_IOThread
FILE_CREATE|1000|3406|0|0|/dev/shm/.org.chromium.Chromium.yaOY7X|Chrome_IOThread
FILE_CREATE|1000|3406|0|0|/dev/shm/.org.chromium.Chromium.43etMY|Chrome_IOThread
FILE_CREATE|1000|3406|0|0|/dev/shm/.org.chromium.Chromium.hkPqfg|Chrome_IOThread
FILE_CREATE|1000|3406|0|0|/dev/shm/.org.chromium.Chromium.n6tmvK|Chrome_IOThread
FILE_CREATE|1000|3406|0|0|/dev/shm/.org.chromium.Chromium.bgNrQq|Chrome_IOThread
FILE_CREATE|1000|3406|0|0|/dev/shm/.org.chromium.Chromium.p7FEOL|Chrome_IOThread
FILE_CREATE|1000|3406|0|0|/dev/shm/.org.chromium.Chromium.Yiv0xf|Chrome_IOThread
FILE_CREATE|1000|3406|0|0|/dev/shm/.org.chromium.Chromium.EFzFPZ|Chrome_IOThread
FILE_CREATE|1000|3406|0|0|/dev/shm/.org.chromium.Chromium.0kIVrN|Chrome_IOThread
FILE_CREATE|1000|3406|0|0|/dev/shm/.org.chromium.Chromium.oDgNEg|Chrome_IOThread
FILE_CREATE|1000|3406|0|0|/dev/shm/.org.chromium.Chromium.gBhhRS|Chrome_IOThread
FILE_CREATE|1000|3406|0|0|/dev/shm/.org.chromium.Chromium.rwyOMp|Chrome_IOThread
FILE_CREATE|1000|3406|0|0|/dev/shm/.org.chromium.Chromium.7SR9O6|Chrome_IOThread
FILE_CREATE|1000|3406|0|0|/dev/shm/.org.chromium.Chromium.Uml6HZ|Chrome_IOThread
FILE_CREATE|1000|3406|0|0|/dev/shm/.org.chromium.Chromium.BjJfUu|Chrome_IOThread
FILE_CREATE|1000|3406|0|0|/dev/shm/.org.chromium.Chromium.wsrJzR|Chrome_IOThread
FILE_CREATE|1000|3406|0|0|/dev/shm/.org.chromium.Chromium.H8nbKz|Chrome_IOThread
FILE_CREATE|1000|3406|0|0|/dev/shm/.org.chromium.Chromium.MoN3wR|Chrome_IOThread
FILE_CREATE|1000|3406|0|0|/dev/shm/.org.chromium.Chromium.esSxvP|Chrome_IOThread
FILE_CREATE|1000|3406|0|0|/dev/shm/.org.chromium.Chromium.KlQjRW|Chrome_IOThread
FILE_CREATE|1000|3406|0|0|/dev/shm/.org.chromium.Chromium.cb5aiW|Chrome_IOThread
FILE_CREATE|1000|3406|0|0|/dev/shm/.org.chromium.Chromium.q1ixgH|Chrome_IOThread
FILE_CREATE|1000|3406|0|0|/dev/shm/.org.chromium.Chromium.P5bUk1|Chrome_IOThread
FILE_CREATE|1000|3406|0|0|/dev/shm/.org.chromium.Chromium.hY54vk|Chrome_IOThread
FILE_CREATE|1000|3406|0|0|/dev/shm/.org.chromium.Chromium.hwkqoL|Chrome_IOThread
FILE_CREATE|1000|3406|0|0|/dev/shm/.org.chromium.Chromium.zIYLLS|Chrome_IOThread
FILE_CREATE|1000|3406|0|0|/dev/shm/.org.chromium.Chromium.kf0xaJ|Chrome_IOThread
FILE_CREATE|1000|3406|0|0|/dev/shm/.org.chromium.Chromium.hG5v99|Chrome_IOThread
FILE_CREATE|1000|3406|0|0|/dev/shm/.org.chromium.Chromium.YCQqqc|Chrome_IOThread
FILE_CREATE|1000|3406|0|0|/dev/shm/.org.chromium.Chromium.Uhs7aw|Chrome_IOThread
FILE_CREATE|1000|3406|0|0|/dev/shm/.org.chromium.Chromium.fsK2A9|Chrome_IOThread
FILE_CREATE|1000|3406|0|0|/dev/shm/.org.chromium.Chromium.B4P9JK|Chrome_IOThread
FILE_CREATE|1000|3406|0|0|/dev/shm/.org.chromium.Chromium.KSS5HC|Chrome_IOThread
FILE_CREATE|1000|3406|0|0|/dev/shm/.org.chromium.Chromium.V141J2|Chrome_IOThread
FILE_CREATE|1000|3406|0|0|/dev/shm/.org.chromium.Chromium.ALb9RR|Chrome_IOThread
FILE_CREATE|1000|3406|0|0|/dev/shm/.org.chromium.Chromium.2uM6w6|Chrome_IOThread
FILE_CREATE|1000|3406|0|0|/dev/shm/.org.chromium.Chromium.tx7wFV|Chrome_IOThread
FILE_CREATE|1000|3406|0|0|/dev/shm/.org.chromium.Chromium.aXiX4P|Chrome_IOThread
CLONE|23363|3521|3461006034252
EXEC|execve|3461008374675|23363|3521|1000|code|git show --textconv :Provenance.log
FILE_CREATE|1000|3406|0|0|/home/ubuntu/.config/Code/User/globalStorage/state.vscdb-journal|libuv-worker
FILE_CREATE|1000|3406|0|0|/home/ubuntu/.config/Code/User/workspaceStorage/50b0191937adee876102cae260821f1f/state.vscdb-journal|libuv-worker
EXEC|execve|3461038652540|23364|3521|1000|code|git ls-files --stage -- Provenance.log
EXEC|execve|3461055471431|23365|3521|1000|code|git cat-file -s 55fd7da0877a1d14eb19fc21a62883ee88897f1a
FILE_CREATE|1000|3406|0|0|/dev/shm/.org.chromium.Chromium.TrGSPd|Chrome_IOThread
FILE_CREATE|1000|3406|0|0|/dev/shm/.org.chromium.Chromium.72LQ44|Chrome_IOThread
FILE_CREATE|1000|3406|0|0|/dev/shm/.org.chromium.Chromium.0hvBZU|Chrome_IOThread
CLONE|23366|3509|3461129579304
EXEC|execve|3461132316355|23366|3509|1000|code|/bin/sh -c which ps
EXEC|execve|3461140135503|23367|23366|1000|sh|which ps
EXEC|execve|3461144833346|23368|3509|1000|code|/bin/sh -c /usr/bin/ps -ax -o pid=,ppid=,pcpu=,pmem=,command=
EXEC|execve|3461151507795|23369|23368|1000|sh|/usr/bin/ps -ax -o pid=,ppid=,pcpu=,pmem=,command=
EXEC|execve|3461193806382|23370|3509|1000|code|/bin/sh -c "/usr/share/code/resources/app/out/vs/base/node/cpuUsage.sh" 3607 4940 7773 8086 8882 23294 4941 7774 8087 8883 23299 4942 7775
EXEC|execve|3461204004137|23371|23370|1000|sh|/usr/share/code/resources/app/out/vs/base/node/cpuUsage.sh 3607 4940 7773 8086 8882 23294 4941 7774 8087 8883 23299 4942 7775 8088 8884 23300
EXEC|execve|3461207497092|23372|23371|1000|cpuUsage.sh|sed -n s/^cpu\s//p /proc/stat
EXEC|execve|3461210519425|23373|23371|1000|cpuUsage.sh|cat /proc/3607/stat
EXEC|execve|3461214035945|23374|23371|1000|cpuUsage.sh|cat /proc/4940/stat
EXEC|execve|3461216372847|23375|23371|1000|cpuUsage.sh|cat /proc/7773/stat
EXEC|execve|3461217930441|23376|23371|1000|cpuUsage.sh|cat /proc/8086/stat
EXEC|execve|3461219436638|23377|23371|1000|cpuUsage.sh|cat /proc/8882/stat
EXEC|execve|3461220712188|23378|23371|1000|cpuUsage.sh|cat /proc/23294/stat
EXEC|execve|3461221841760|23379|23371|1000|cpuUsage.sh|cat /proc/4941/stat
EXEC|execve|3461223009114|23380|23371|1000|cpuUsage.sh|cat /proc/7774/stat
EXEC|execve|3461225943099|23381|23371|1000|cpuUsage.sh|cat /proc/8087/stat
EXEC|execve|3461231572216|23382|23371|1000|cpuUsage.sh|cat /proc/8883/stat
EXEC|execve|3461234472157|23383|23371|1000|cpuUsage.sh|cat /proc/23299/stat
EXEC|execve|3461236742671|23384|23371|1000|cpuUsage.sh|cat /proc/4942/stat
EXEC|execve|3461237956353|23385|23371|1000|cpuUsage.sh|cat /proc/7775/stat
EXEC|execve|3461240003135|23386|23371|1000|cpuUsage.sh|cat /proc/8088/stat
EXEC|execve|3461242104290|23387|23371|1000|cpuUsage.sh|cat /proc/8884/stat
EXEC|execve|3461243581502|23388|23371|1000|cpuUsage.sh|cat /proc/23300/stat
EXEC|execve|3461244773864|23389|23371|1000|cpuUsage.sh|sleep 1
FILE_CREATE|1000|3460|0|0|/dev/shm/.org.chromium.Chromium.7fsoHg|Chrome_ChildIOT
EXEC|execve|3462072721227|23390|931|0|installer|/opt/datadog-agent/embedded/bin/installer get-states
FILE_CREATE|0|23390|0|0|/opt/datadog-packages/packages.db|installer
EXEC|execve|3462247452726|23398|23371|1000|cpuUsage.sh|sed -n s/^cpu\s//p /proc/stat
CLONE|23398|23371|3462247046455
EXEC|execve|3462255887451|23399|23371|1000|cpuUsage.sh|cat /proc/3607/stat
EXEC|execve|3462258220754|23401|23371|1000|cpuUsage.sh|cat /proc/4940/stat
EXEC|execve|3462260188016|23403|23371|1000|cpuUsage.sh|cat /proc/7773/stat
EXEC|execve|3462263444242|23405|23371|1000|cpuUsage.sh|cat /proc/8086/stat
EXEC|execve|3462265977642|23407|23371|1000|cpuUsage.sh|cat /proc/8882/stat
EXEC|execve|3462267533433|23409|23371|1000|cpuUsage.sh|cat /proc/23294/stat
EXEC|execve|3462269118540|23411|23371|1000|cpuUsage.sh|cat /proc/4941/stat
EXEC|execve|3462270941973|23413|23371|1000|cpuUsage.sh|cat /proc/7774/stat
EXEC|execve|3462272937728|23415|23371|1000|cpuUsage.sh|cat /proc/8087/stat
EXEC|execve|3462275096387|23417|23371|1000|cpuUsage.sh|cat /proc/8883/stat
EXEC|execve|3462277061865|23419|23371|1000|cpuUsage.sh|cat /proc/23299/stat
EXEC|execve|3462279289621|23421|23371|1000|cpuUsage.sh|cat /proc/4942/stat
EXEC|execve|3462281218409|23423|23371|1000|cpuUsage.sh|cat /proc/7775/stat
EXEC|execve|3462283335274|23425|23371|1000|cpuUsage.sh|cat /proc/8088/stat
EXEC|execve|3462285405761|23427|23371|1000|cpuUsage.sh|cat /proc/8884/stat
EXEC|execve|3462287304352|23429|23371|1000|cpuUsage.sh|cat /proc/23300/stat
FILE_CREATE|1000|3406|0|0|/dev/shm/.org.chromium.Chromium.2lKxMU|Chrome_IOThread
FILE_CREATE|1000|3406|0|0|/dev/shm/.org.chromium.Chromium.XFbJ9y|Chrome_IOThread
FILE_CREATE|1000|3406|0|0|/dev/shm/.org.chromium.Chromium.oYZ0OT|Chrome_IOThread
FILE_CREATE|1000|3406|0|0|/dev/shm/.org.chromium.Chromium.agr9rn|Chrome_IOThread
FILE_CREATE|1000|3406|0|0|/dev/shm/.org.chromium.Chromium.iILZWj|Chrome_IOThread
EXEC|execve|3462595724828|23431|931|0|installer|/opt/datadog-agent/embedded/bin/installer get-states
FILE_CREATE|0|23431|0|0|/opt/datadog-packages/packages.db|installer
CLONE|23438|23431|3462838982260
FILE_CREATE|1000|3406|0|0|/home/ubuntu/.config/Code/User/History/614bc513/entries.json|libuv-worker
FILE_CREATE|1000|3406|0|0|/home/ubuntu/.config/Code/User/History/47f09f7b/entries.json|libuv-worker
FILE_CREATE|1000|3406|0|0|/dev/shm/.org.chromium.Chromium.Dli47x|Chrome_IOThread
FILE_CREATE|1000|3406|0|0|/dev/shm/.org.chromium.Chromium.eNjMEj|Chrome_IOThread
FILE_CREATE|1000|3460|0|0|/dev/shm/.org.chromium.Chromium.Ni8fL4|Chrome_ChildIOT
FILE_CREATE|1000|3406|0|0|/dev/shm/.org.chromium.Chromium.MQNuOt|Chrome_IOThread
FILE_CREATE|1000|3406|0|0|/dev/shm/.org.chromium.Chromium.Xs1yb0|Chrome_IOThread
FILE_CREATE|1000|3406|0|0|/dev/shm/.org.chromium.Chromium.228mMr|Chrome_IOThread
FILE_CREATE|1000|3406|0|0|/dev/shm/.org.chromium.Chromium.v6FXpL|Chrome_IOThread
FILE_CREATE|1000|3406|0|0|/dev/shm/.org.chromium.Chromium.26hVJE|Chrome_IOThread
FILE_CREATE|1000|3406|0|0|/dev/shm/.org.chromium.Chromium.ftZ5qH|Chrome_IOThread
FILE_CREATE|1000|3406|0|0|/dev/shm/.org.chromium.Chromium.1Nkyhk|Chrome_IOThread
FILE_CREATE|1000|3406|0|0|/dev/shm/.org.chromium.Chromium.iTA7cN|Chrome_IOThread
FILE_CREATE|1000|3406|0|0|/dev/shm/.org.chromium.Chromium.G6yx7X|Chrome_IOThread
FILE_CREATE|1000|3406|0|0|/dev/shm/.org.chromium.Chromium.HvEVqc|Chrome_IOThread
FILE_CREATE|1000|3406|0|0|/dev/shm/.org.chromium.Chromium.BJ99Jy|Chrome_IOThread
FILE_CREATE|1000|3406|0|0|/dev/shm/.org.chromium.Chromium.SMhXv9|Chrome_IOThread
CLONE|23439|3521|3465267353271
EXEC|execve|3465268540754|23439|3521|1000|code|git config --get commit.template
FILE_CREATE|1000|3406|0|0|/dev/shm/.org.chromium.Chromium.i9puWA|Chrome_IOThread
FILE_CREATE|1000|3406|0|0|/dev/shm/.org.chromium.Chromium.3kK0qd|Chrome_IOThread
FILE_CREATE|1000|3406|0|0|/dev/shm/.org.chromium.Chromium.htjYbr|Chrome_IOThread
EXEC|execve|3465293431053|23440|3521|1000|code|git for-each-ref --format=%(refname)%00%(upstream:short)%00%(objectname)%00%(upstream:track)%00%(upstream:remotename)%00%(upstream:remoteref) refs/heads/main refs/remotes/main
EXEC|execve|3465321317261|23441|3521|1000|code|git status -z -uall
EXEC|execve|3465345697379|23442|3521|1000|code|git for-each-ref --sort -committerdate --format %(refname)%00%(objectname)%00%(*objectname)
CLONE|23443|3521|3465395312327
EXEC|execve|3465395658862|23443|3521|1000|code|git show --textconv :eBPFtracer.py
EXEC|execve|3465410680406|23444|3521|1000|code|git ls-files --stage -- eBPFtracer.py
EXEC|execve|3465424585845|23445|3521|1000|code|git cat-file -s fe23069c6e3bef9d272c3718b3be50433e8c322f
FILE_CREATE|1000|3406|0|0|/home/ubuntu/.config/Code/User/workspaceStorage/50b0191937adee876102cae260821f1f/state.vscdb-journal|libuv-worker
FILE_CREATE|1000|3406|0|0|/home/ubuntu/.config/Code/User/globalStorage/state.vscdb-journal|libuv-worker
FILE_CREATE|1000|3406|0|0|/dev/shm/.org.chromium.Chromium.lwIVkK|Chrome_IOThread
FILE_CREATE|1000|3460|0|0|/dev/shm/.org.chromium.Chromium.PBRyQw|Chrome_ChildIOT
